2021-12-27 11:22:13,741 - LT_Logger -INFO - Verify the Nop title
2021-12-27 11:22:13,741 [main] INFO LT_Logger - Verify the Nop title
2021-12-27 11:22:13,802 - LT_Logger -INFO - Clear the email text
2021-12-27 11:22:13,802 [main] INFO LT_Logger - Clear the email text
2021-12-27 11:22:13,882 - LT_Logger -INFO - Enter the email
2021-12-27 11:22:13,882 [main] INFO LT_Logger - Enter the email
2021-12-27 11:22:13,982 - LT_Logger -INFO - Clear the password text
2021-12-27 11:22:13,982 [main] INFO LT_Logger - Clear the password text
2021-12-27 11:22:14,065 - LT_Logger -INFO - Enter the password
2021-12-27 11:22:14,065 [main] INFO LT_Logger - Enter the password
2021-12-27 11:22:14,137 - LT_Logger -INFO - Click on submit button
2021-12-27 11:22:14,137 [main] INFO LT_Logger - Click on submit button
2021-12-27 11:30:52,207 - LT_Logger -INFO - Verify the Nop title
2021-12-27 11:30:52,207 [main] INFO LT_Logger - Verify the Nop title
2021-12-27 11:30:52,268 - LT_Logger -INFO - Clear the email text
2021-12-27 11:30:52,268 [main] INFO LT_Logger - Clear the email text
2021-12-27 11:30:52,368 - LT_Logger -INFO - Enter the email
2021-12-27 11:30:52,368 [main] INFO LT_Logger - Enter the email
2021-12-27 11:30:52,499 - LT_Logger -INFO - Clear the password text
2021-12-27 11:30:52,499 [main] INFO LT_Logger - Clear the password text
2021-12-27 11:30:52,580 - LT_Logger -INFO - Enter the password
2021-12-27 11:30:52,580 [main] INFO LT_Logger - Enter the password
2021-12-27 11:30:52,671 - LT_Logger -INFO - Click on submit button
2021-12-27 11:30:52,671 [main] INFO LT_Logger - Click on submit button
